# JRE version: OpenJDK Runtime Environment (17.0.6) (build 17.0.6+0-b2043.56-9586694)
# Java VM: OpenJDK 64-Bit Server VM (17.0.6+0-b2043.56-9586694, mixed mode, tiered, compressed oops, compressed class ptrs, g1 gc, windows-amd64)
GC Precious Log:
 CPUs: 4 total, 4 available
 Memory: 8082M
 Large Page Support: Disabled
 NUMA Support: Disabled
 Compressed Oops: Enabled (32-bit)
 Heap Region Size: 1M
 Heap Min Capacity: 8M
 Heap Initial Capacity: 128M
 Heap Max Capacity: 2022M
 Pre-touch: Disabled
 Parallel Workers: 4
 Concurrent Workers: 1
 Concurrent Refinement Workers: 4
 Periodic GC: Disabled
Heap:
 garbage-first heap   total 191488K, used 92993K [0x0000000081a00000, 0x0000000100000000)
  region size 1024K, 44 young (45056K), 3 survivors (3072K)
 Metaspace       used 71870K, committed 72192K, reserved 1114112K
  class space    used 8527K, committed 8640K, reserved 1048576K
GC Heap History (20 events):
Event: 12.522 GC heap before
{Heap before GC invocations=23 (full 0):
 garbage-first heap   total 60416K, used 46194K [0x0000000081a00000, 0x0000000100000000)
  region size 1024K, 14 young (14336K), 2 survivors (2048K)
 Metaspace       used 52173K, committed 52480K, reserved 1097728K
  class space    used 6254K, committed 6400K, reserved 1048576K
}
Event: 12.533 GC heap after
{Heap after GC invocations=24 (full 0):
 garbage-first heap   total 60416K, used 36841K [0x0000000081a00000, 0x0000000100000000)
  region size 1024K, 2 young (2048K), 2 survivors (2048K)
 Metaspace       used 52173K, committed 52480K, reserved 1097728K
  class space    used 6254K, committed 6400K, reserved 1048576K
}
Event: 13.353 GC heap before
{Heap before GC invocations=25 (full 0):
 garbage-first heap   total 66560K, used 47081K [0x0000000081a00000, 0x0000000100000000)
  region size 1024K, 12 young (12288K), 2 survivors (2048K)
 Metaspace       used 53736K, committed 54016K, reserved 1097728K
  class space    used 6390K, committed 6528K, reserved 1048576K
}
Event: 13.365 GC heap after
{Heap after GC invocations=26 (full 0):
 garbage-first heap   total 66560K, used 38557K [0x0000000081a00000, 0x0000000100000000)
  region size 1024K, 2 young (2048K), 2 survivors (2048K)
 Metaspace       used 53736K, committed 54016K, reserved 1097728K
  class space    used 6390K, committed 6528K, reserved 1048576K
}
Event: 13.454 GC heap before
{Heap before GC invocations=26 (full 0):
 garbage-first heap   total 66560K, used 39581K [0x0000000081a00000, 0x0000000100000000)
  region size 1024K, 3 young (3072K), 2 survivors (2048K)
 Metaspace       used 53815K, committed 54080K, reserved 1097728K
  class space    used 6390K, committed 6528K, reserved 1048576K
}
Event: 13.464 GC heap after
{Heap after GC invocations=27 (full 0):
 garbage-first heap   total 79872K, used 38863K [0x0000000081a00000, 0x0000000100000000)
  region size 1024K, 1 young (1024K), 1 survivors (1024K)
 Metaspace       used 53815K, committed 54080K, reserved 1097728K
  class space    used 6390K, committed 6528K, reserved 1048576K
}
Event: 14.766 GC heap before
{Heap before GC invocations=27 (full 0):
 garbage-first heap   total 79872K, used 60367K [0x0000000081a00000, 0x0000000100000000)
  region size 1024K, 22 young (22528K), 1 survivors (1024K)
 Metaspace       used 54387K, committed 54592K, reserved 1097728K
  class space    used 6403K, committed 6528K, reserved 1048576K
}
Event: 14.780 GC heap after
{Heap after GC invocations=28 (full 0):
 garbage-first heap   total 79872K, used 42735K [0x0000000081a00000, 0x0000000100000000)
  region size 1024K, 3 young (3072K), 3 survivors (3072K)
 Metaspace       used 54387K, committed 54592K, reserved 1097728K
  class space    used 6403K, committed 6528K, reserved 1048576K
}
Event: 15.491 GC heap before
{Heap before GC invocations=29 (full 0):
 garbage-first heap   total 79872K, used 62191K [0x0000000081a00000, 0x0000000100000000)
  region size 1024K, 22 young (22528K), 3 survivors (3072K)
 Metaspace       used 55282K, committed 55616K, reserved 1105920K
  class space    used 6495K, committed 6656K, reserved 1048576K
}
Event: 15.510 GC heap after
{Heap after GC invocations=30 (full 0):
 garbage-first heap   total 79872K, used 45368K [0x0000000081a00000, 0x0000000100000000)
  region size 1024K, 3 young (3072K), 3 survivors (3072K)
 Metaspace       used 55282K, committed 55616K, reserved 1105920K
  class space    used 6495K, committed 6656K, reserved 1048576K
}
Event: 15.516 GC heap before
{Heap before GC invocations=30 (full 0):
 garbage-first heap   total 79872K, used 46392K [0x0000000081a00000, 0x0000000100000000)
  region size 1024K, 4 young (4096K), 3 survivors (3072K)
 Metaspace       used 55283K, committed 55616K, reserved 1105920K
  class space    used 6495K, committed 6656K, reserved 1048576K
}
Event: 15.524 GC heap after
{Heap after GC invocations=31 (full 0):
 garbage-first heap   total 79872K, used 45276K [0x0000000081a00000, 0x0000000100000000)
  region size 1024K, 1 young (1024K), 1 survivors (1024K)
 Metaspace       used 55283K, committed 55616K, reserved 1105920K
  class space    used 6495K, committed 6656K, reserved 1048576K
}
Event: 16.648 GC heap before
{Heap before GC invocations=31 (full 0):
 garbage-first heap   total 79872K, used 62684K [0x0000000081a00000, 0x0000000100000000)
  region size 1024K, 18 young (18432K), 1 survivors (1024K)
 Metaspace       used 60359K, committed 60608K, reserved 1105920K
  class space    used 7228K, committed 7360K, reserved 1048576K
}
Event: 16.656 GC heap after
{Heap after GC invocations=32 (full 0):
 garbage-first heap   total 79872K, used 46086K [0x0000000081a00000, 0x0000000100000000)
  region size 1024K, 2 young (2048K), 2 survivors (2048K)
 Metaspace       used 60359K, committed 60608K, reserved 1105920K
  class space    used 7228K, committed 7360K, reserved 1048576K
}
Event: 18.024 GC heap before
{Heap before GC invocations=33 (full 0):
 garbage-first heap   total 81920K, used 63494K [0x0000000081a00000, 0x0000000100000000)
  region size 1024K, 19 young (19456K), 2 survivors (2048K)
 Metaspace       used 63393K, committed 63680K, reserved 1105920K
  class space    used 7717K, committed 7872K, reserved 1048576K
}
Event: 18.035 GC heap after
{Heap after GC invocations=34 (full 0):
 garbage-first heap   total 81920K, used 48193K [0x0000000081a00000, 0x0000000100000000)
  region size 1024K, 3 young (3072K), 3 survivors (3072K)
 Metaspace       used 63393K, committed 63680K, reserved 1105920K
  class space    used 7717K, committed 7872K, reserved 1048576K
}
Event: 18.153 GC heap before
{Heap before GC invocations=34 (full 0):
 garbage-first heap   total 81920K, used 49217K [0x0000000081a00000, 0x0000000100000000)
  region size 1024K, 4 young (4096K), 3 survivors (3072K)
 Metaspace       used 63612K, committed 63872K, reserved 1105920K
  class space    used 7740K, committed 7872K, reserved 1048576K
}
Event: 18.167 GC heap after
{Heap after GC invocations=35 (full 0):
 garbage-first heap   total 81920K, used 48265K [0x0000000081a00000, 0x0000000100000000)
  region size 1024K, 1 young (1024K), 1 survivors (1024K)
 Metaspace       used 63612K, committed 63872K, reserved 1105920K
  class space    used 7740K, committed 7872K, reserved 1048576K
}
Event: 19.582 GC heap before
{Heap before GC invocations=35 (full 0):
 garbage-first heap   total 81920K, used 65673K [0x0000000081a00000, 0x0000000100000000)
  region size 1024K, 18 young (18432K), 1 survivors (1024K)
 Metaspace       used 64827K, committed 65088K, reserved 1114112K
  class space    used 7817K, committed 7936K, reserved 1048576K
}
Event: 19.596 GC heap after
{Heap after GC invocations=36 (full 0):
 garbage-first heap   total 201728K, used 52033K [0x0000000081a00000, 0x0000000100000000)
  region size 1024K, 3 young (3072K), 3 survivors (3072K)
 Metaspace       used 64827K, committed 65088K, reserved 1114112K
  class space    used 7817K, committed 7936K, reserved 1048576K
}

